#
# There is insufficient memory for the Java Runtime Environment to continue.
# Native memory allocation (malloc) failed to allocate 32744 bytes for ChunkPool::allocate
# Possible reasons:
#   The system is out of physical RAM or swap space
#   In 32 bit mode, the process size limit was hit
# Possible solutions:
#   Reduce memory load on the system
#   Increase physical memory or swap space
#   Check if swap backing store is full
#   Use 64 bit Java on a 64 bit OS
#   Decrease Java heap size (-Xmx/-Xms)
#   Decrease number of Java threads
#   Decrease Java thread stack sizes (-Xss)
#   Set larger code cache with -XX:ReservedCodeCacheSize=
# This output file may be truncated or incomplete.
#
#  Out of Memory Error (allocation.cpp:273), pid=11456, tid=11244
#
# JRE version: Java(TM) SE Runtime Environment (8.0_74-b02) (build 1.8.0_74-b02)
# Java VM: Java HotSpot(TM) 64-Bit Server VM (25.74-b02 mixed mode windows-amd64 compressed oops)
# Failed to write core dump. Minidumps are not enabled by default on client versions of Windows
#

---------------  T H R E A D  ---------------

Current thread (0x000000001606b800):  JavaThread "C1 CompilerThread2" daemon [_thread_in_native, id=11244, stack(0x00000000178c0000,0x00000000179c0000)]

Stack: [0x00000000178c0000,0x00000000179c0000]
[error occurred during error reporting (printing stack bounds), id 0xc0000005]

Native frames: (J=compiled Java code, j=interpreted, Vv=VM code, C=native code)


Current CompileTask:
C1:   1798  507       3       javax.swing.plaf.nimbus.NimbusStyle::validate (1178 bytes)


---------------  P R O C E S S  ---------------

Java Threads: ( => current thread )
  0x000000001e86f000 JavaThread "D3D Screen Updater" daemon [_thread_blocked, id=9856, stack(0x000000001f120000,0x000000001f220000)]
  0x0000000002dee000 JavaThread "DestroyJavaVM" [_thread_blocked, id=4908, stack(0x0000000002e90000,0x0000000002f90000)]
  0x0000000017d7e800 JavaThread "AWT-EventQueue-0" [_thread_in_Java, id=3080, stack(0x0000000018810000,0x0000000018910000)]
  0x0000000017d24800 JavaThread "AWT-Windows" daemon [_thread_in_native, id=11360, stack(0x0000000018300000,0x0000000018400000)]
  0x0000000017d22000 JavaThread "AWT-Shutdown" [_thread_blocked, id=6004, stack(0x0000000018200000,0x0000000018300000)]
  0x0000000017d21000 JavaThread "Java2D Disposer" daemon [_thread_blocked, id=11840, stack(0x0000000018100000,0x0000000018200000)]
  0x00000000179e8800 JavaThread "Service Thread" daemon [_thread_blocked, id=9756, stack(0x0000000017dc0000,0x0000000017ec0000)]
=>0x000000001606b800 JavaThread "C1 CompilerThread2" daemon [_thread_in_native, id=11244, stack(0x00000000178c0000,0x00000000179c0000)]
  0x0000000016064800 JavaThread "C2 CompilerThread1" daemon [_thread_blocked, id=1764, stack(0x00000000177c0000,0x00000000178c0000)]
  0x000000001605f000 JavaThread "C2 CompilerThread0" daemon [_thread_blocked, id=11364, stack(0x00000000176c0000,0x00000000177c0000)]
  0x000000001605c800 JavaThread "Attach Listener" daemon [_thread_blocked, id=5584, stack(0x00000000175c0000,0x00000000176c0000)]
  0x000000001605b000 JavaThread "Signal Dispatcher" daemon [_thread_blocked, id=6844, stack(0x00000000174c0000,0x00000000175c0000)]
  0x000000000308a800 JavaThread "Finalizer" daemon [_thread_blocked, id=12284, stack(0x00000000172c0000,0x00000000173c0000)]
  0x000000000307f800 JavaThread "Reference Handler" daemon [_thread_blocked, id=12212, stack(0x00000000171c0000,0x00000000172c0000)]

Other Threads:
  0x0000000016028000 VMThread [stack: 0x00000000170c0000,0x00000000171c0000] [id=7756]
  0x00000000179ed800 WatcherThread [stack: 0x0000000017ec0000,0x0000000017fc0000] [id=11784]

VM state:not at safepoint (normal execution)

VM Mutex/Monitor currently owned by a thread: None

Heap:
 PSYoungGen      total 24064K, used 6301K [0x00000000e5800000, 0x00000000e7280000, 0x0000000100000000)
  eden space 20992K, 30% used [0x00000000e5800000,0x00000000e5e27778,0x00000000e6c80000)
  from space 3072K, 0% used [0x00000000e6f80000,0x00000000e6f80000,0x00000000e7280000)
  to   space 3072K, 0% used [0x00000000e6c80000,0x00000000e6c80000,0x00000000e6f80000)
 ParOldGen       total 54784K, used 0K [0x00000000b0800000, 0x00000000b3d80000, 0x00000000e5800000)
  object space 54784K, 0% used [0x00000000b0800000,0x00000000b0800000,0x00000000b3d80000)
 Metaspace       used 10656K, capacity 10886K, committed 11008K, reserved 1058816K
  class space    used 1384K, capacity 1477K, committed 1536K, reserved 1048576K

Card table byte_map: [0x0000000012450000,0x00000000126d0000] byte_map_base: 0x0000000011ecc000

Marking Bits: (ParMarkBitMap*) 0x0000000077b10600
 Begin Bits: [0x0000000012c80000, 0x0000000014060000)
 End Bits:   [0x0000000014060000, 0x0000000015440000)

Polling page: 0x0000000001480000

CodeCache: size=245760Kb used=2107Kb max_used=2107Kb free=243652Kb
 bounds [0x0000000003090000, 0x0000000003300000, 0x0000000012090000]
 total_blobs=991 nmethods=506 adapters=399
 compilation: enabled

Compilation events (10 events):
Event: 1.759 Thread 0x000000001606b800 nmethod 502 0x000000000329b550 code [0x000000000329b6a0, 0x000000000329b7b0]
Event: 1.762 Thread 0x000000001606b800  503       3       java.awt.geom.RectangularShape::<init> (5 bytes)
Event: 1.763 Thread 0x000000001606b800 nmethod 503 0x000000000329b810 code [0x000000000329b960, 0x000000000329bb10]
Event: 1.763 Thread 0x000000001606b800  504       3       java.awt.geom.RoundRectIterator::currentSegment (144 bytes)
Event: 1.764 Thread 0x000000001606b800 nmethod 504 0x000000000329bbd0 code [0x000000000329bda0, 0x000000000329c398]
Event: 1.764 Thread 0x000000001606b800  505       3       java.awt.geom.AffineTransform::transform (663 bytes)
Event: 1.767 Thread 0x000000001606b800 nmethod 505 0x000000000329c790 code [0x000000000329ca20, 0x000000000329db48]
Event: 1.768 Thread 0x000000001606b800  506       3       sun.java2d.pipe.RenderBuffer::putLong (26 bytes)
Event: 1.769 Thread 0x000000001606b800 nmethod 506 0x000000000329f1d0 code [0x000000000329f320, 0x000000000329f490]
Event: 1.769 Thread 0x000000001606b800  507       3       javax.swing.plaf.nimbus.NimbusStyle::validate (1178 bytes)

GC Heap History (0 events):
No events

Deoptimization events (0 events):
No events

Internal exceptions (10 events):
Event: 0.913 Thread 0x0000000002dee000 Exception <a 'java/lang/ClassNotFoundException': ToolBar> (0x00000000e5b913f0) thrown at [C:\re\workspace\8-2-build-windows-amd64-cygwin\jdk8u74\6087\hotspot\src\share\vm\classfile\systemDictionary.cpp, line 210]
Event: 0.913 Thread 0x0000000002dee000 Exception <a 'java/lang/ClassNotFoundException': ToggleButton> (0x00000000e5b919a0) thrown at [C:\re\workspace\8-2-build-windows-amd64-cygwin\jdk8u74\6087\hotspot\src\share\vm\classfile\systemDictionary.cpp, line 210]
Event: 0.913 Thread 0x0000000002dee000 Exception <a 'java/lang/ClassNotFoundException': javax/swing/JToolBarSeparator> (0x00000000e5b91e00) thrown at [C:\re\workspace\8-2-build-windows-amd64-cygwin\jdk8u74\6087\hotspot\src\share\vm\classfile\systemDictionary.cpp, line 210]
Event: 0.913 Thread 0x0000000002dee000 Exception <a 'java/lang/ClassNotFoundException': ToolBarSeparator> (0x00000000e5b92298) thrown at [C:\re\workspace\8-2-build-windows-amd64-cygwin\jdk8u74\6087\hotspot\src\share\vm\classfile\systemDictionary.cpp, line 210]
Event: 0.914 Thread 0x0000000002dee000 Exception <a 'java/lang/ClassNotFoundException': ToolTip> (0x00000000e5b929d8) thrown at [C:\re\workspace\8-2-build-windows-amd64-cygwin\jdk8u74\6087\hotspot\src\share\vm\classfile\systemDictionary.cpp, line 210]
Event: 0.916 Thread 0x0000000002dee000 Exception <a 'java/lang/ClassNotFoundException': Tree> (0x00000000e5b935f8) thrown at [C:\re\workspace\8-2-build-windows-amd64-cygwin\jdk8u74\6087\hotspot\src\share\vm\classfile\systemDictionary.cpp, line 210]
Event: 0.916 Thread 0x0000000002dee000 Exception <a 'java/lang/ClassNotFoundException': Tree> (0x00000000e5b93d38) thrown at [C:\re\workspace\8-2-build-windows-amd64-cygwin\jdk8u74\6087\hotspot\src\share\vm\classfile\systemDictionary.cpp, line 210]
Event: 0.916 Thread 0x0000000002dee000 Exception <a 'java/lang/ClassNotFoundException': javax/swing/JTreeCell> (0x00000000e5b940b8) thrown at [C:\re\workspace\8-2-build-windows-amd64-cygwin\jdk8u74\6087\hotspot\src\share\vm\classfile\systemDictionary.cpp, line 210]
Event: 0.916 Thread 0x0000000002dee000 Exception <a 'java/lang/ClassNotFoundException': TreeCell> (0x00000000e5b94540) thrown at [C:\re\workspace\8-2-build-windows-amd64-cygwin\jdk8u74\6087\hotspot\src\share\vm\classfile\systemDictionary.cpp, line 210]
Event: 0.917 Thread 0x0000000002dee000 Exception <a 'java/lang/ClassNotFoundException': RootPane> (0x00000000e5b94fa0) thrown at [C:\re\workspace\8-2-build-windows-amd64-cygwin\jdk8u74\6087\hotspot\src\share\vm\classfile\systemDictionary.cpp, line 210]

Events (10 events):
Event: 1.792 loading class java/awt/LightweightDispatcher$1 done
Event: 1.792 loading class java/awt/event/AWTEventListenerProxy
Event: 1.793 loading class java/awt/event/AWTEventListenerProxy done
Event: 1.793 loading class java/awt/Toolkit$SelectiveAWTEventListener
Event: 1.793 loading class java/awt/Toolkit$SelectiveAWTEventListener done
Event: 1.793 loading class java/awt/Toolkit$ToolkitEventMulticaster
Event: 1.793 loading class java/awt/Toolkit$ToolkitEventMulticaster done
Event: 1.793 loading class java/awt/im/InputContext
Event: 1.794 loading class java/awt/im/InputContext done
Event: 1.794 loading class sun/awt/im/InputMethodContext


Dynamic libraries:
0x00007ff7d7cd0000 - 0x00007ff7d7d07000 	C:\Program Files\Java\jdk1.8.0_74\bin\java.exe
0x00007fff2f040000 - 0x00007fff2f230000 	C:\WINDOWS\SYSTEM32\ntdll.dll
0x00007fff2df00000 - 0x00007fff2dfb2000 	C:\WINDOWS\System32\KERNEL32.DLL
0x00007fff2c0a0000 - 0x00007fff2c345000 	C:\WINDOWS\System32\KERNELBASE.dll
0x00007fff2e170000 - 0x00007fff2e213000 	C:\WINDOWS\System32\ADVAPI32.dll
0x00007fff2de60000 - 0x00007fff2defe000 	C:\WINDOWS\System32\msvcrt.dll
0x00007fff2dfc0000 - 0x00007fff2e057000 	C:\WINDOWS\System32\sechost.dll
0x00007fff2da20000 - 0x00007fff2db40000 	C:\WINDOWS\System32\RPCRT4.dll
0x00007fff2ee60000 - 0x00007fff2eff5000 	C:\WINDOWS\System32\USER32.dll
0x00007fff2c7e0000 - 0x00007fff2c801000 	C:\WINDOWS\System32\win32u.dll
0x00007fff2dbd0000 - 0x00007fff2dbf6000 	C:\WINDOWS\System32\GDI32.dll
0x00007fff2c350000 - 0x00007fff2c4e6000 	C:\WINDOWS\System32\gdi32full.dll
0x00007fff2c5f0000 - 0x00007fff2c68e000 	C:\WINDOWS\System32\msvcp_win.dll
0x00007fff2c4f0000 - 0x00007fff2c5ea000 	C:\WINDOWS\System32\ucrtbase.dll
0x00007fff17ac0000 - 0x00007fff17d44000 	C:\WINDOWS\WinSxS\amd64_microsoft.windows.common-controls_6595b64144ccf1df_6.0.18362.1082_none_9e8193e1e45b25c1\COMCTL32.dll
0x00007fff2e370000 - 0x00007fff2e6a5000 	C:\WINDOWS\System32\combase.dll
0x00007fff2c840000 - 0x00007fff2c8c0000 	C:\WINDOWS\System32\bcryptPrimitives.dll
0x00007fff2ddc0000 - 0x00007fff2ddee000 	C:\WINDOWS\System32\IMM32.DLL
0x0000000050a20000 - 0x0000000050af2000 	C:\Program Files\Java\jdk1.8.0_74\jre\bin\msvcr100.dll
0x0000000077300000 - 0x0000000077b90000 	C:\Program Files\Java\jdk1.8.0_74\jre\bin\server\jvm.dll
0x00007fff2db40000 - 0x00007fff2db48000 	C:\WINDOWS\System32\PSAPI.DLL
0x00007fff0f640000 - 0x00007fff0f649000 	C:\WINDOWS\SYSTEM32\WSOCK32.dll
0x00007fff29890000 - 0x00007fff298b4000 	C:\WINDOWS\SYSTEM32\WINMM.dll
0x00007fff2ddf0000 - 0x00007fff2de5f000 	C:\WINDOWS\System32\WS2_32.dll
0x00007fff29860000 - 0x00007fff2988d000 	C:\WINDOWS\SYSTEM32\WINMMBASE.dll
0x00007fff26e70000 - 0x00007fff26e7a000 	C:\WINDOWS\SYSTEM32\VERSION.dll
0x00007fff2c050000 - 0x00007fff2c09a000 	C:\WINDOWS\System32\cfgmgr32.dll
0x00000000509d0000 - 0x00000000509df000 	C:\Program Files\Java\jdk1.8.0_74\jre\bin\verify.dll
0x00000000509a0000 - 0x00000000509c9000 	C:\Program Files\Java\jdk1.8.0_74\jre\bin\java.dll
0x0000000050980000 - 0x0000000050996000 	C:\Program Files\Java\jdk1.8.0_74\jre\bin\zip.dll
0x00007fff2e770000 - 0x00007fff2ee57000 	C:\WINDOWS\System32\SHELL32.dll
0x00007fff2d360000 - 0x00007fff2d409000 	C:\WINDOWS\System32\shcore.dll
0x00007fff2c9f0000 - 0x00007fff2d170000 	C:\WINDOWS\System32\windows.storage.dll
0x00007fff2bfb0000 - 0x00007fff2bfd3000 	C:\WINDOWS\System32\profapi.dll
0x00007fff2c000000 - 0x00007fff2c04a000 	C:\WINDOWS\System32\powrprof.dll
0x00007fff2bf80000 - 0x00007fff2bf90000 	C:\WINDOWS\System32\UMPDC.dll
0x00007fff2e6b0000 - 0x00007fff2e702000 	C:\WINDOWS\System32\shlwapi.dll
0x00007fff2bf90000 - 0x00007fff2bfa1000 	C:\WINDOWS\System32\kernel.appcore.dll
0x00007fff2c9d0000 - 0x00007fff2c9e7000 	C:\WINDOWS\System32\cryptsp.dll
0x0000000050600000 - 0x0000000050798000 	C:\Program Files\Java\jdk1.8.0_74\jre\bin\awt.dll
0x00007fff2d950000 - 0x00007fff2da15000 	C:\WINDOWS\System32\OLEAUT32.dll
0x00007fff2a0f0000 - 0x00007fff2a17f000 	C:\WINDOWS\SYSTEM32\apphelp.dll
0x00007fff2a2b0000 - 0x00007fff2a349000 	C:\WINDOWS\system32\uxtheme.dll
0x00007fff2e220000 - 0x00007fff2e355000 	C:\WINDOWS\System32\MSCTF.dll
0x00007fff2d200000 - 0x00007fff2d357000 	C:\WINDOWS\System32\ole32.dll
0x00007fff2a3a0000 - 0x00007fff2a3cd000 	C:\WINDOWS\system32\DWMAPI.DLL
0x00000000508f0000 - 0x0000000050937000 	C:\Program Files\Java\jdk1.8.0_74\jre\bin\fontmanager.dll
0x00007fff1ad60000 - 0x00007fff1af27000 	C:\WINDOWS\system32\d3d9.dll
0x00007fff2abd0000 - 0x00007fff2abf0000 	C:\WINDOWS\SYSTEM32\dxcore.dll
0x00007fff261e0000 - 0x00007fff26361000 	C:\WINDOWS\System32\DriverStore\FileRepository\c0312694.inf_amd64_9da804b05ab53fd2\aticfx64.dll
0x00007fff24930000 - 0x00007fff24959000 	C:\WINDOWS\System32\DriverStore\FileRepository\c0312694.inf_amd64_9da804b05ab53fd2\atiu9p64.dll
0x00007ffeef690000 - 0x00007ffeeffc4000 	C:\WINDOWS\System32\DriverStore\FileRepository\c0312694.inf_amd64_9da804b05ab53fd2\atiumd64.dll
0x0000000050d10000 - 0x000000005190b000 	C:\WINDOWS\System32\DriverStore\FileRepository\c0312694.inf_amd64_9da804b05ab53fd2\atiumd6a.dll
0x0000000050960000 - 0x000000005097a000 	C:\Program Files\Java\jdk1.8.0_74\jre\bin\net.dll
0x00007fff2b7d0000 - 0x00007fff2b837000 	C:\WINDOWS\system32\mswsock.dll
0x0000000050940000 - 0x0000000050951000 	C:\Program Files\Java\jdk1.8.0_74\jre\bin\nio.dll
0x00000000508a0000 - 0x00000000508e2000 	C:\Program Files\Java\jdk1.8.0_74\jre\bin\t2k.dll
0x00007fff1df80000 - 0x00007fff1e01e000 	C:\WINDOWS\System32\TextInputFramework.dll
0x00007fff27db0000 - 0x00007fff280da000 	C:\WINDOWS\System32\CoreUIComponents.dll
0x00007fff298c0000 - 0x00007fff29994000 	C:\WINDOWS\System32\CoreMessaging.dll
0x00007fff2afc0000 - 0x00007fff2aff1000 	C:\WINDOWS\SYSTEM32\ntmarta.dll
0x00007fff27be0000 - 0x00007fff27d33000 	C:\WINDOWS\SYSTEM32\wintypes.dll
0x0000000050830000 - 0x000000005085a000 	C:\Program Files\Java\jdk1.8.0_74\jre\bin\dcpr.dll

VM Arguments:
jvm_args: -Dfile.encoding=UTF-8 
java_command: MainPage
java_class_path (initial): C:\Program Files\NetBeans 8.2\ide\modules\ext\mysql-connector-java-5.1.23-bin.jar;E:\project\kuliah\kapita\tugas_kapita\build\classes
Launcher Type: SUN_STANDARD

Environment Variables:
PATH=C:\Program Files\ImageMagick-7.0.10-Q16;C:\Program Files (x86)\Common Files\Intel\Shared Libraries\redist\intel64\compiler;C:\Program Files (x86)\NVIDIA Corporation\PhysX\Common;C:\Program Files (x86)\Common Files\Oracle\Java\javapath;C:\Windows\system32;C:\Windows;C:\Windows\System32\Wbem;C:\Windows\System32\WindowsPowerShell\v1.0\;C:\xampp\php;C:\composer;C:\Python27;C:\Users\USER\AppData\Roaming\Composer\vendor\bin;C:\adb;C:\Program Files\OpenVPN\bin;C:\Program Files\Git\cmd;C:\cygwin64\bin;C:\MinGW;E:\Program Files\IBM SPSS\JRE\bin;E:\tools\steghidebrute;E:\tools\steghide;F:\share\AndroidSDK;C:\ProgramData\chocolatey\bin;C:\Program Files\PuTTY\;E:\Program Files\SPSS\JRE\bin;C:\driver\chromedriver;E:\Anaconda3\condabin;E:\Program Files\cmder_mini\bin;C:\Program Files\dotnet\;C:\Program Files\Microsoft SQL Server\130\Tools\Binn\;E:\download\ToolAlite\ToolAlite
;C:\Program Files\Java\jdk1.8.0_74\bin;E:\project\flutter\flutter\bin;E:\project\python;E:\Program Files\curl\bin;F:\share\AndroidSDK\platform-tools;E:\Program Files (x86)\Yarn\bin\;E:\Program Files\nodejs\;E:\netcat\;C:\MinGW\bin\;C:\WINDOWS\system32;C:\WINDOWS;C:\WINDOWS\System32\Wbem;C:\WINDOWS\System32\WindowsPowerShell\v1.0\;C:\WINDOWS\System32\OpenSSH\;C:\Program Files\Java\jdk1.8.0_74\bin;C:\Users\USER\AppData\Local\Yarn\bin;C:\Users\USER\AppData\Roaming\npm;E:\Program Files\Microsoft VS Code\bin;C:\Users\USER\AppData\Local\Microsoft\WindowsApps;E:\Program Files\Nmap;E:\Program Files\PhpStorm 2020.1.2\bin;;E:\Program Files\WebStorm 2020.1.2\bin;
USERNAME=USER
OS=Windows_NT
PROCESSOR_IDENTIFIER=AMD64 Family 22 Model 48 Stepping 1, AuthenticAMD



---------------  S Y S T E M  ---------------

OS: Windows 10.0 , 64 bit Build 18362 (10.0.18362.1082)

CPU:total 4 (4 cores per cpu, 1 threads per core) family 22 model 48 stepping 1, cmov, cx8, fxsr, mmx, sse, sse2, sse3, ssse3, sse4.1, sse4.2, popcnt, avx, aes, clmul, mmxext, 3dnowpref, lzcnt, sse4a, tsc, tscinvbit, tscinv, bmi1

Memory: 4k page, physical 5206388k(1638836k free), swap 8644208k(4096k free)

vm_info: Java HotSpot(TM) 64-Bit Server VM (25.74-b02) for windows-amd64 JRE (1.8.0_74-b02), built on Jan 29 2016 17:42:36 by "java_re" with MS VC++ 10.0 (VS2010)

time: Fri Oct 02 23:40:00 2020
elapsed time: 1 seconds (0d 0h 0m 1s)

