#
# A fatal error has been detected by the Java Runtime Environment:
#
#  Internal Error (0xc06d007e), pid=3088, tid=5264
#
# JRE version: Java(TM) SE Runtime Environment (8.0_74-b02) (build 1.8.0_74-b02)
# Java VM: Java HotSpot(TM) 64-Bit Server VM (25.74-b02 mixed mode windows-amd64 compressed oops)
# Problematic frame:
# C  [KERNELBASE.dll+0x43b29]
#
# Failed to write core dump. Minidumps are not enabled by default on client versions of Windows
#
# If you would like to submit a bug report, please visit:
#   http://bugreport.java.com/bugreport/crash.jsp
# The crash happened outside the Java Virtual Machine in native code.
# See problematic frame for where to report the bug.
#

---------------  T H R E A D  ---------------

Current thread (0x0000000017a12800):  JavaThread "AWT-Windows" daemon [_thread_in_native, id=5264, stack(0x0000000018080000,0x0000000018180000)]

siginfo: ExceptionCode=0xc06d007e, ExceptionInformation=0x000000001817f4d0 

Registers:
RAX=0x00007fff2ee75f40, RBX=0x0000000000000000, RCX=0x000000001817f170, RDX=0x0000000000000001
RSP=0x000000001817f3d0, RBP=0x000000001817f528, RSI=0x000000005072e57c, RDI=0x0000000000000000
R8 =0x0000000000000000, R9 =0x0000000000000001, R10=0x0000000000000000, R11=0x0000000000000070
R12=0x000000000000000a, R13=0x000000005074e7f0, R14=0x000000005074b128, R15=0x00000000507313f8
RIP=0x00007fff2c0e3b29, EFLAGS=0x0000000000000206

Top of Stack: (sp=0x000000001817f3d0)
0x000000001817f3d0:   000000005074e7f0 0000000000000000
0x000000001817f3e0:   000000005072e57c 0000000000000000
0x000000001817f3f0:   00000000c06d007e 0000000000000000
0x000000001817f400:   00007fff2c0e3b29 00007fff00000001
0x000000001817f410:   000000001817f4d0 000000005072e57c
0x000000001817f420:   0000000000000000 0000000000000000
0x000000001817f430:   0000000000000000 00007fff2c0f7170
0x000000001817f440:   0000000000000000 000000005072e57c
0x000000001817f450:   00000000506de281 0000000000000000
0x000000001817f460:   0000000000000000 0000000000000000
0x000000001817f470:   000000005070fdc0 00007fff2c0f672f
0x000000001817f480:   0000000000000000 00000000506de281
0x000000001817f490:   0000d117e8efa39c 000000005072fa0c
0x000000001817f4a0:   0000000000000000 00000000506de1cf
0x000000001817f4b0:   0000000000000000 000000005072e57c
0x000000001817f4c0:   000000001817f528 000000005072e4fc 

Instructions: (pc=0x00007fff2c0e3b29)
0x00007fff2c0e3b09:   8b d1 44 0f 47 c0 44 89 44 24 38 49 c1 e0 03 e8
0x00007fff2c0e3b19:   9a cb 04 00 48 8d 4c 24 20 48 ff 15 af 44 16 00
0x00007fff2c0e3b29:   0f 1f 44 00 00 48 8b 8c 24 c0 00 00 00 48 33 cc
0x00007fff2c0e3b39:   e8 92 5e 04 00 48 81 c4 d8 00 00 00 c3 83 64 24 


Register to memory mapping:

RAX=0x00007fff2ee75f40 is an unknown value
RBX=0x0000000000000000 is an unknown value
RCX=0x000000001817f170 is pointing into the stack for thread: 0x0000000017a12800
RDX=0x0000000000000001 is an unknown value
RSP=0x000000001817f3d0 is pointing into the stack for thread: 0x0000000017a12800
RBP=0x000000001817f528 is pointing into the stack for thread: 0x0000000017a12800
RSI=0x000000005072e57c is an unknown value
RDI=0x0000000000000000 is an unknown value
R8 =0x0000000000000000 is an unknown value
R9 =0x0000000000000001 is an unknown value
R10=0x0000000000000000 is an unknown value
R11=0x0000000000000070 is an unknown value
R12=0x000000000000000a is an unknown value
R13=0x000000005074e7f0 is an unknown value
R14=0x000000005074b128 is an unknown value
R15=0x00000000507313f8 is an unknown value


Stack: [0x0000000018080000,0x0000000018180000],  sp=0x000000001817f3d0,  free space=1020k
Native frames: (J=compiled Java code, j=interpreted, Vv=VM code, C=native code)
C  [KERNELBASE.dll+0x43b29]

Java frames: (J=compiled Java code, j=interpreted, Vv=VM code)
j  sun.awt.windows.WToolkit.init()Z+0
j  sun.awt.windows.WToolkit.run()V+18
j  java.lang.Thread.run()V+11
v  ~StubRoutines::call_stub

---------------  P R O C E S S  ---------------

Java Threads: ( => current thread )
=>0x0000000017a12800 JavaThread "AWT-Windows" daemon [_thread_in_native, id=5264, stack(0x0000000018080000,0x0000000018180000)]
  0x0000000017a0f800 JavaThread "AWT-Shutdown" [_thread_blocked, id=9352, stack(0x0000000017f80000,0x0000000018080000)]
  0x0000000017a0f000 JavaThread "Java2D Disposer" daemon [_thread_blocked, id=1756, stack(0x0000000017e80000,0x0000000017f80000)]
  0x0000000017646000 JavaThread "Service Thread" daemon [_thread_blocked, id=11380, stack(0x0000000017b40000,0x0000000017c40000)]
  0x0000000017640800 JavaThread "C1 CompilerThread2" daemon [_thread_blocked, id=1352, stack(0x0000000017a40000,0x0000000017b40000)]
  0x0000000015e4a000 JavaThread "C2 CompilerThread1" daemon [_thread_blocked, id=2968, stack(0x0000000017540000,0x0000000017640000)]
  0x0000000015dee000 JavaThread "C2 CompilerThread0" daemon [_thread_blocked, id=12156, stack(0x0000000017440000,0x0000000017540000)]
  0x0000000015deb800 JavaThread "Attach Listener" daemon [_thread_blocked, id=10024, stack(0x0000000017340000,0x0000000017440000)]
  0x0000000015dea000 JavaThread "Signal Dispatcher" daemon [_thread_blocked, id=3272, stack(0x0000000017240000,0x0000000017340000)]
  0x0000000015dd9000 JavaThread "Finalizer" daemon [_thread_blocked, id=7184, stack(0x0000000017040000,0x0000000017140000)]
  0x0000000002e11000 JavaThread "Reference Handler" daemon [_thread_blocked, id=9844, stack(0x0000000016f40000,0x0000000017040000)]
  0x0000000002bbe000 JavaThread "main" [_thread_blocked, id=11208, stack(0x0000000002c20000,0x0000000002d20000)]

Other Threads:
  0x0000000015db7000 VMThread [stack: 0x0000000016e40000,0x0000000016f40000] [id=2268]
  0x0000000017663000 WatcherThread [stack: 0x0000000017c40000,0x0000000017d40000] [id=7956]

VM state:not at safepoint (normal execution)

VM Mutex/Monitor currently owned by a thread: None

Heap:
 PSYoungGen      total 24064K, used 2939K [0x00000000e5800000, 0x00000000e7280000, 0x0000000100000000)
  eden space 20992K, 14% used [0x00000000e5800000,0x00000000e5adede8,0x00000000e6c80000)
  from space 3072K, 0% used [0x00000000e6f80000,0x00000000e6f80000,0x00000000e7280000)
  to   space 3072K, 0% used [0x00000000e6c80000,0x00000000e6c80000,0x00000000e6f80000)
 ParOldGen       total 54784K, used 0K [0x00000000b0800000, 0x00000000b3d80000, 0x00000000e5800000)
  object space 54784K, 0% used [0x00000000b0800000,0x00000000b0800000,0x00000000b3d80000)
 Metaspace       used 5287K, capacity 5428K, committed 5632K, reserved 1056768K
  class space    used 594K, capacity 661K, committed 768K, reserved 1048576K

Card table byte_map: [0x00000000121e0000,0x0000000012460000] byte_map_base: 0x0000000011c5c000

Marking Bits: (ParMarkBitMap*) 0x0000000077b10600
 Begin Bits: [0x0000000012a10000, 0x0000000013df0000)
 End Bits:   [0x0000000013df0000, 0x00000000151d0000)

Polling page: 0x00000000014c0000

CodeCache: size=245760Kb used=1558Kb max_used=1558Kb free=244201Kb
 bounds [0x0000000002e20000, 0x0000000003090000, 0x0000000011e20000]
 total_blobs=559 nmethods=239 adapters=234
 compilation: enabled

Compilation events (10 events):
Event: 0.578 Thread 0x0000000017640800  235       3       java.util.HashMap$Node::<init> (26 bytes)
Event: 0.578 Thread 0x0000000017640800 nmethod 235 0x0000000002f9e210 code [0x0000000002f9e360, 0x0000000002f9e550]
Event: 0.579 Thread 0x0000000017640800  236       3       java.io.WinNTFileSystem::normalize (143 bytes)
Event: 0.580 Thread 0x0000000017640800 nmethod 236 0x0000000002f9ecd0 code [0x0000000002f9eec0, 0x0000000002f9f6e8]
Event: 0.599 Thread 0x0000000017640800  237       3       jdk.internal.org.objectweb.asm.ByteVector::enlarge (51 bytes)
Event: 0.599 Thread 0x0000000017640800 nmethod 237 0x0000000002fa4c50 code [0x0000000002fa4dc0, 0x0000000002fa50e8]
Event: 0.599 Thread 0x0000000017640800  238       3       sun.reflect.misc.ReflectUtil::isVMAnonymousClass (19 bytes)
Event: 0.600 Thread 0x0000000017640800 nmethod 238 0x0000000002fa51d0 code [0x0000000002fa5360, 0x0000000002fa58b8]
Event: 0.605 Thread 0x0000000017640800  239       1       java.lang.invoke.MethodTypeForm::basicType (5 bytes)
Event: 0.605 Thread 0x0000000017640800 nmethod 239 0x0000000002fa5b10 code [0x0000000002fa5c60, 0x0000000002fa5d70]

GC Heap History (0 events):
No events

Deoptimization events (0 events):
No events

Internal exceptions (9 events):
Event: 0.079 Thread 0x0000000002bbe000 Exception <a 'java/lang/NoSuchMethodError': Method sun.misc.Unsafe.defineClass(Ljava/lang/String;[BII)Ljava/lang/Class; name or signature does not match> (0x00000000e5807cc0) thrown at [C:\re\workspace\8-2-build-windows-amd64-cygwin\jdk8u74\6087\hotspot\sr(LsÜ=H¥?
Event: 0.079 Thread 0x0000000002bbe000 Exception <a 'java/lang/NoSuchMethodError': Method sun.misc.Unsafe.prefetchRead(Ljava/lang/Object;J)V name or signature does not match> (0x00000000e5807fa8) thrown at [C:\re\workspace\8-2-build-windows-amd64-cygwin\jdk8u74\6087\hotspot\src\share\vm\prims\jß∑ö–j‘?
Event: 0.319 Thread 0x0000000002bbe000 Exception <a 'java/security/PrivilegedActionException'> (0x00000000e58ff088) thrown at [C:\re\workspace\8-2-build-windows-amd64-cygwin\jdk8u74\6087\hotspot\src\share\vm\prims\jvm.cpp, line 1386]
Event: 0.319 Thread 0x0000000002bbe000 Exception <a 'java/security/PrivilegedActionException'> (0x00000000e58ff298) thrown at [C:\re\workspace\8-2-build-windows-amd64-cygwin\jdk8u74\6087\hotspot\src\share\vm\prims\jvm.cpp, line 1386]
Event: 0.321 Thread 0x0000000002bbe000 Exception <a 'java/security/PrivilegedActionException'> (0x00000000e59030e0) thrown at [C:\re\workspace\8-2-build-windows-amd64-cygwin\jdk8u74\6087\hotspot\src\share\vm\prims\jvm.cpp, line 1386]
Event: 0.321 Thread 0x0000000002bbe000 Exception <a 'java/security/PrivilegedActionException'> (0x00000000e59032f0) thrown at [C:\re\workspace\8-2-build-windows-amd64-cygwin\jdk8u74\6087\hotspot\src\share\vm\prims\jvm.cpp, line 1386]
Event: 0.335 Thread 0x0000000002bbe000 Exception <a 'java/io/FileNotFoundException'> (0x00000000e5905518) thrown at [C:\re\workspace\8-2-build-windows-amd64-cygwin\jdk8u74\6087\hotspot\src\share\vm\prims\jni.cpp, line 709]
Event: 0.478 Thread 0x0000000002bbe000 Exception <a 'java/lang/NoSuchFieldError': method resolution failed> (0x00000000e59d3e10) thrown at [C:\re\workspace\8-2-build-windows-amd64-cygwin\jdk8u74\6087\hotspot\src\share\vm\prims\methodHandles.cpp, line 1146]
Event: 0.484 Thread 0x0000000002bbe000 Exception <a 'java/lang/NoSuchFieldError': method resolution failed> (0x00000000e59e1160) thrown at [C:\re\workspace\8-2-build-windows-amd64-cygwin\jdk8u74\6087\hotspot\src\share\vm\prims\methodHandles.cpp, line 1146]

Events (10 events):
Event: 0.597 loading class sun/java2d/Disposer$1 done
Event: 0.600 loading class sun/misc/ThreadGroupUtils
Event: 0.600 loading class sun/misc/ThreadGroupUtils done
Event: 0.600 Thread 0x0000000017a0f000 Thread added: 0x0000000017a0f000
Event: 0.601 loading class sun/awt/AWTAutoShutdown
Event: 0.601 loading class sun/awt/AWTAutoShutdown done
Event: 0.601 loading class java/util/IdentityHashMap
Event: 0.601 loading class java/util/IdentityHashMap done
Event: 0.602 Thread 0x0000000017a0f800 Thread added: 0x0000000017a0f800
Event: 0.604 Thread 0x0000000017a12800 Thread added: 0x0000000017a12800


Dynamic libraries:
0x00007ff7d7cd0000 - 0x00007ff7d7d07000 	C:\Program Files\Java\jdk1.8.0_74\bin\java.exe
0x00007fff2f040000 - 0x00007fff2f230000 	C:\WINDOWS\SYSTEM32\ntdll.dll
0x00007fff2df00000 - 0x00007fff2dfb2000 	C:\WINDOWS\System32\KERNEL32.DLL
0x00007fff2c0a0000 - 0x00007fff2c345000 	C:\WINDOWS\System32\KERNELBASE.dll
0x00007fff2e170000 - 0x00007fff2e213000 	C:\WINDOWS\System32\ADVAPI32.dll
0x00007fff2de60000 - 0x00007fff2defe000 	C:\WINDOWS\System32\msvcrt.dll
0x00007fff2dfc0000 - 0x00007fff2e057000 	C:\WINDOWS\System32\sechost.dll
0x00007fff2da20000 - 0x00007fff2db40000 	C:\WINDOWS\System32\RPCRT4.dll
0x00007fff2ee60000 - 0x00007fff2eff5000 	C:\WINDOWS\System32\USER32.dll
0x00007fff2c7e0000 - 0x00007fff2c801000 	C:\WINDOWS\System32\win32u.dll
0x00007fff2dbd0000 - 0x00007fff2dbf6000 	C:\WINDOWS\System32\GDI32.dll
0x00007fff2c350000 - 0x00007fff2c4e6000 	C:\WINDOWS\System32\gdi32full.dll
0x00007fff2c5f0000 - 0x00007fff2c68e000 	C:\WINDOWS\System32\msvcp_win.dll
0x00007fff2c4f0000 - 0x00007fff2c5ea000 	C:\WINDOWS\System32\ucrtbase.dll
0x00007fff17ac0000 - 0x00007fff17d44000 	C:\WINDOWS\WinSxS\amd64_microsoft.windows.common-controls_6595b64144ccf1df_6.0.18362.1082_none_9e8193e1e45b25c1\COMCTL32.dll
0x00007fff2e370000 - 0x00007fff2e6a5000 	C:\WINDOWS\System32\combase.dll
0x00007fff2c840000 - 0x00007fff2c8c0000 	C:\WINDOWS\System32\bcryptPrimitives.dll
0x00007fff2ddc0000 - 0x00007fff2ddee000 	C:\WINDOWS\System32\IMM32.DLL
0x0000000050a20000 - 0x0000000050af2000 	C:\Program Files\Java\jdk1.8.0_74\jre\bin\msvcr100.dll
0x0000000077300000 - 0x0000000077b90000 	C:\Program Files\Java\jdk1.8.0_74\jre\bin\server\jvm.dll
0x00007fff2db40000 - 0x00007fff2db48000 	C:\WINDOWS\System32\PSAPI.DLL
0x00007fff0f640000 - 0x00007fff0f649000 	C:\WINDOWS\SYSTEM32\WSOCK32.dll
0x00007fff2ddf0000 - 0x00007fff2de5f000 	C:\WINDOWS\System32\WS2_32.dll
0x00007fff26e70000 - 0x00007fff26e7a000 	C:\WINDOWS\SYSTEM32\VERSION.dll
0x00007fff29890000 - 0x00007fff298b4000 	C:\WINDOWS\SYSTEM32\WINMM.dll
0x00007fff29860000 - 0x00007fff2988d000 	C:\WINDOWS\SYSTEM32\winmmbase.dll
0x00007fff2c050000 - 0x00007fff2c09a000 	C:\WINDOWS\System32\cfgmgr32.dll
0x00000000509d0000 - 0x00000000509df000 	C:\Program Files\Java\jdk1.8.0_74\jre\bin\verify.dll
0x00000000509a0000 - 0x00000000509c9000 	C:\Program Files\Java\jdk1.8.0_74\jre\bin\java.dll
0x0000000050980000 - 0x0000000050996000 	C:\Program Files\Java\jdk1.8.0_74\jre\bin\zip.dll
0x00007fff2e770000 - 0x00007fff2ee57000 	C:\WINDOWS\System32\SHELL32.dll
0x00007fff2d360000 - 0x00007fff2d409000 	C:\WINDOWS\System32\shcore.dll
0x00007fff2c9f0000 - 0x00007fff2d170000 	C:\WINDOWS\System32\windows.storage.dll
0x00007fff2bfb0000 - 0x00007fff2bfd3000 	C:\WINDOWS\System32\profapi.dll
0x00007fff2c000000 - 0x00007fff2c04a000 	C:\WINDOWS\System32\powrprof.dll
0x00007fff2bf80000 - 0x00007fff2bf90000 	C:\WINDOWS\System32\UMPDC.dll
0x00007fff2e6b0000 - 0x00007fff2e702000 	C:\WINDOWS\System32\shlwapi.dll
0x00007fff2bf90000 - 0x00007fff2bfa1000 	C:\WINDOWS\System32\kernel.appcore.dll
0x00007fff2c9d0000 - 0x00007fff2c9e7000 	C:\WINDOWS\System32\cryptsp.dll
0x0000000050600000 - 0x0000000050798000 	C:\Program Files\Java\jdk1.8.0_74\jre\bin\awt.dll
0x00007fff2d950000 - 0x00007fff2da15000 	C:\WINDOWS\System32\OLEAUT32.dll
0x00007fff2a0f0000 - 0x00007fff2a17f000 	C:\WINDOWS\SYSTEM32\apphelp.dll
0x00007fff2a2b0000 - 0x00007fff2a349000 	C:\WINDOWS\system32\uxtheme.dll
0x00007fff2e220000 - 0x00007fff2e355000 	C:\WINDOWS\System32\MSCTF.dll

VM Arguments:
jvm_args: -Dfile.encoding=UTF-8 
java_command: SupplierEditPage
java_class_path (initial): C:\Program Files\NetBeans 8.2\ide\modules\ext\mysql-connector-java-5.1.23-bin.jar;E:\project\kuliah\kapita\tugas_kapita\build\classes
Launcher Type: SUN_STANDARD

Environment Variables:
PATH=C:\Program Files\ImageMagick-7.0.10-Q16;C:\Program Files (x86)\Common Files\Intel\Shared Libraries\redist\intel64\compiler;C:\Program Files (x86)\NVIDIA Corporation\PhysX\Common;C:\Program Files (x86)\Common Files\Oracle\Java\javapath;C:\Windows\system32;C:\Windows;C:\Windows\System32\Wbem;C:\Windows\System32\WindowsPowerShell\v1.0\;C:\xampp\php;C:\composer;C:\Python27;C:\Users\USER\AppData\Roaming\Composer\vendor\bin;C:\adb;C:\Program Files\OpenVPN\bin;C:\Program Files\Git\cmd;C:\cygwin64\bin;C:\MinGW;E:\Program Files\IBM SPSS\JRE\bin;E:\tools\steghidebrute;E:\tools\steghide;F:\share\AndroidSDK;C:\ProgramData\chocolatey\bin;C:\Program Files\PuTTY\;E:\Program Files\SPSS\JRE\bin;C:\driver\chromedriver;E:\Anaconda3\condabin;E:\Program Files\cmder_mini\bin;C:\Program Files\dotnet\;C:\Program Files\Microsoft SQL Server\130\Tools\Binn\;E:\download\ToolAlite\ToolAlite
;C:\Program Files\Java\jdk1.8.0_74\bin;E:\project\flutter\flutter\bin;E:\project\python;E:\Program Files\curl\bin;F:\share\AndroidSDK\platform-tools;E:\Program Files (x86)\Yarn\bin\;E:\Program Files\nodejs\;E:\netcat\;C:\MinGW\bin\;C:\WINDOWS\system32;C:\WINDOWS;C:\WINDOWS\System32\Wbem;C:\WINDOWS\System32\WindowsPowerShell\v1.0\;C:\WINDOWS\System32\OpenSSH\;C:\Program Files\Java\jdk1.8.0_74\bin;C:\Users\USER\AppData\Local\Yarn\bin;C:\Users\USER\AppData\Roaming\npm;E:\Program Files\Microsoft VS Code\bin;C:\Users\USER\AppData\Local\Microsoft\WindowsApps;E:\Program Files\Nmap;E:\Program Files\PhpStorm 2020.1.2\bin;;E:\Program Files\WebStorm 2020.1.2\bin;
USERNAME=USER
OS=Windows_NT
PROCESSOR_IDENTIFIER=AMD64 Family 22 Model 48 Stepping 1, AuthenticAMD



---------------  S Y S T E M  ---------------

OS: Windows 10.0 , 64 bit Build 18362 (10.0.18362.1082)

CPU:total 4 (4 cores per cpu, 1 threads per core) family 22 model 48 stepping 1, cmov, cx8, fxsr, mmx, sse, sse2, sse3, ssse3, sse4.1, sse4.2, popcnt, avx, aes, clmul, mmxext, 3dnowpref, lzcnt, sse4a, tsc, tscinvbit, tscinv, bmi1

Memory: 4k page, physical 5206388k(1478668k free), swap 8644208k(1092k free)

vm_info: Java HotSpot(TM) 64-Bit Server VM (25.74-b02) for windows-amd64 JRE (1.8.0_74-b02), built on Jan 29 2016 17:42:36 by "java_re" with MS VC++ 10.0 (VS2010)

time: Fri Oct 02 23:23:03 2020
elapsed time: 0 seconds (0d 0h 0m 0s)

